<?xml version="1.0" encoding="UTF-8"?>
<coverage generated="1710923068192" clover="3.2.0">
  <project timestamp="1710923068192" name="All files">
    <metrics statements="62" coveredstatements="62" conditionals="14" coveredconditionals="12" methods="16" coveredmethods="16" elements="92" coveredelements="90" complexity="0" loc="62" ncloc="62" packages="1" files="5" classes="5"/>
    <file name="analyze_array.js" path="/Users/user/repos/test-driven-development/analyze_array.js">
      <metrics statements="18" coveredstatements="18" conditionals="4" coveredconditionals="3" methods="8" coveredmethods="8"/>
      <line num="2" count="2" type="stmt"/>
      <line num="4" count="2" type="stmt"/>
      <line num="5" count="2" type="stmt"/>
      <line num="6" count="2" type="stmt"/>
      <line num="7" count="12" type="stmt"/>
      <line num="9" count="2" type="stmt"/>
      <line num="13" count="2" type="stmt"/>
      <line num="14" count="2" type="stmt"/>
      <line num="15" count="12" type="cond" truecount="1" falsecount="1"/>
      <line num="17" count="2" type="stmt"/>
      <line num="21" count="2" type="stmt"/>
      <line num="22" count="2" type="stmt"/>
      <line num="23" count="12" type="cond" truecount="2" falsecount="0"/>
      <line num="25" count="2" type="stmt"/>
      <line num="29" count="2" type="stmt"/>
      <line num="33" count="2" type="stmt"/>
      <line num="41" count="1" type="stmt"/>
      <line num="44" count="1" type="stmt"/>
    </file>
    <file name="caesar_cipher.js" path="/Users/user/repos/test-driven-development/caesar_cipher.js">
      <metrics statements="28" coveredstatements="28" conditionals="10" coveredconditionals="9" methods="1" coveredmethods="1"/>
      <line num="2" count="2" type="stmt"/>
      <line num="4" count="2" type="stmt"/>
      <line num="5" count="22" type="stmt"/>
      <line num="7" count="22" type="cond" truecount="2" falsecount="0"/>
      <line num="8" count="20" type="stmt"/>
      <line num="9" count="20" type="cond" truecount="4" falsecount="0"/>
      <line num="11" count="4" type="stmt"/>
      <line num="12" count="16" type="cond" truecount="3" falsecount="1"/>
      <line num="14" count="16" type="stmt"/>
      <line num="18" count="22" type="stmt"/>
      <line num="21" count="2" type="stmt"/>
      <line num="24" count="1" type="stmt"/>
      <line num="27" count="1" type="stmt"/>
      <line num="29" count="1" type="stmt"/>
      <line num="30" count="1" type="stmt"/>
      <line num="32" count="1" type="stmt"/>
      <line num="33" count="1" type="stmt"/>
      <line num="34" count="5" type="stmt"/>
      <line num="35" count="5" type="stmt"/>
      <line num="37" count="5" type="stmt"/>
      <line num="39" count="5" type="stmt"/>
      <line num="41" count="1" type="stmt"/>
      <line num="43" count="1" type="stmt"/>
      <line num="44" count="1" type="stmt"/>
      <line num="45" count="26" type="stmt"/>
      <line num="46" count="26" type="stmt"/>
      <line num="47" count="26" type="stmt"/>
      <line num="49" count="26" type="stmt"/>
    </file>
    <file name="calculator.js" path="/Users/user/repos/test-driven-development/calculator.js">
      <metrics statements="11" coveredstatements="11" conditionals="0" coveredconditionals="0" methods="5" coveredmethods="5"/>
      <line num="1" count="1" type="stmt"/>
      <line num="2" count="2" type="stmt"/>
      <line num="3" count="2" type="stmt"/>
      <line num="4" count="2" type="stmt"/>
      <line num="5" count="2" type="stmt"/>
      <line num="6" count="1" type="stmt"/>
      <line num="9" count="1" type="stmt"/>
      <line num="10" count="1" type="stmt"/>
      <line num="11" count="1" type="stmt"/>
      <line num="12" count="1" type="stmt"/>
      <line num="14" count="1" type="stmt"/>
    </file>
    <file name="capitalize.js" path="/Users/user/repos/test-driven-development/capitalize.js">
      <metrics statements="2" coveredstatements="2" conditionals="0" coveredconditionals="0" methods="1" coveredmethods="1"/>
      <line num="2" count="1" type="stmt"/>
      <line num="7" count="1" type="stmt"/>
    </file>
    <file name="reverse_string.js" path="/Users/user/repos/test-driven-development/reverse_string.js">
      <metrics statements="3" coveredstatements="3" conditionals="0" coveredconditionals="0" methods="1" coveredmethods="1"/>
      <line num="2" count="2" type="stmt"/>
      <line num="5" count="1" type="stmt"/>
      <line num="7" count="1" type="stmt"/>
    </file>
  </project>
</coverage>
