{"/Users/user/repos/test-driven-development/analyze_array.js": {"path":"/Users/user/repos/test-driven-development/analyze_array.js","statementMap":{"0":{"start":{"line":2,"column":17},"end":{"line":31,"column":3}},"1":{"start":{"line":4,"column":26},"end":{"line":4,"column":38}},"2":{"start":{"line":5,"column":18},"end":{"line":5,"column":19}},"3":{"start":{"line":6,"column":6},"end":{"line":8,"column":9}},"4":{"start":{"line":7,"column":8},"end":{"line":7,"column":23}},"5":{"start":{"line":9,"column":6},"end":{"line":9,"column":33}},"6":{"start":{"line":13,"column":21},"end":{"line":13,"column":29}},"7":{"start":{"line":14,"column":6},"end":{"line":16,"column":9}},"8":{"start":{"line":15,"column":8},"end":{"line":15,"column":47}},"9":{"start":{"line":15,"column":30},"end":{"line":15,"column":47}},"10":{"start":{"line":17,"column":6},"end":{"line":17,"column":22}},"11":{"start":{"line":21,"column":21},"end":{"line":21,"column":29}},"12":{"start":{"line":22,"column":6},"end":{"line":24,"column":9}},"13":{"start":{"line":23,"column":8},"end":{"line":23,"column":47}},"14":{"start":{"line":23,"column":30},"end":{"line":23,"column":47}},"15":{"start":{"line":25,"column":6},"end":{"line":25,"column":22}},"16":{"start":{"line":29,"column":6},"end":{"line":29,"column":26}},"17":{"start":{"line":33,"column":2},"end":{"line":38,"column":4}},"18":{"start":{"line":41,"column":0},"end":{"line":41,"column":46}},"19":{"start":{"line":44,"column":0},"end":{"line":44,"column":30}}},"fnMap":{"0":{"name":"analyzeArray","decl":{"start":{"line":1,"column":9},"end":{"line":1,"column":21}},"loc":{"start":{"line":1,"column":29},"end":{"line":39,"column":1}},"line":1},"1":{"name":"(anonymous_1)","decl":{"start":{"line":3,"column":13},"end":{"line":3,"column":14}},"loc":{"start":{"line":3,"column":25},"end":{"line":10,"column":5}},"line":3},"2":{"name":"(anonymous_2)","decl":{"start":{"line":6,"column":20},"end":{"line":6,"column":21}},"loc":{"start":{"line":6,"column":31},"end":{"line":8,"column":7}},"line":6},"3":{"name":"(anonymous_3)","decl":{"start":{"line":12,"column":9},"end":{"line":12,"column":10}},"loc":{"start":{"line":12,"column":21},"end":{"line":18,"column":5}},"line":12},"4":{"name":"(anonymous_4)","decl":{"start":{"line":14,"column":20},"end":{"line":14,"column":21}},"loc":{"start":{"line":14,"column":31},"end":{"line":16,"column":7}},"line":14},"5":{"name":"(anonymous_5)","decl":{"start":{"line":20,"column":9},"end":{"line":20,"column":10}},"loc":{"start":{"line":20,"column":21},"end":{"line":26,"column":5}},"line":20},"6":{"name":"(anonymous_6)","decl":{"start":{"line":22,"column":20},"end":{"line":22,"column":21}},"loc":{"start":{"line":22,"column":31},"end":{"line":24,"column":7}},"line":22},"7":{"name":"(anonymous_7)","decl":{"start":{"line":28,"column":12},"end":{"line":28,"column":13}},"loc":{"start":{"line":28,"column":24},"end":{"line":30,"column":5}},"line":28}},"branchMap":{"0":{"loc":{"start":{"line":15,"column":8},"end":{"line":15,"column":47}},"type":"if","locations":[{"start":{"line":15,"column":8},"end":{"line":15,"column":47}},{"start":{},"end":{}}],"line":15},"1":{"loc":{"start":{"line":23,"column":8},"end":{"line":23,"column":47}},"type":"if","locations":[{"start":{"line":23,"column":8},"end":{"line":23,"column":47}},{"start":{},"end":{}}],"line":23}},"s":{"0":2,"1":2,"2":2,"3":2,"4":12,"5":2,"6":2,"7":2,"8":12,"9":0,"10":2,"11":2,"12":2,"13":12,"14":2,"15":2,"16":2,"17":2,"18":1,"19":1},"f":{"0":2,"1":2,"2":12,"3":2,"4":12,"5":2,"6":12,"7":2},"b":{"0":[0,12],"1":[2,10]},"inputSourceMap":null,"_coverageSchema":"1a1c01bbd47fc00a2c39e90264f33305004495a9","hash":"b30bf9d3ae6ce2578eb57bf308ceec972930e8b2"}
,"/Users/user/repos/test-driven-development/caesar_cipher.js": {"path":"/Users/user/repos/test-driven-development/caesar_cipher.js","statementMap":{"0":{"start":{"line":2,"column":25},"end":{"line":2,"column":27}},"1":{"start":{"line":4,"column":2},"end":{"line":19,"column":3}},"2":{"start":{"line":4,"column":15},"end":{"line":4,"column":16}},"3":{"start":{"line":5,"column":20},"end":{"line":5,"column":29}},"4":{"start":{"line":7,"column":4},"end":{"line":16,"column":5}},"5":{"start":{"line":8,"column":23},"end":{"line":8,"column":43}},"6":{"start":{"line":9,"column":6},"end":{"line":15,"column":7}},"7":{"start":{"line":11,"column":8},"end":{"line":11,"column":77}},"8":{"start":{"line":12,"column":13},"end":{"line":15,"column":7}},"9":{"start":{"line":14,"column":8},"end":{"line":14,"column":77}},"10":{"start":{"line":18,"column":4},"end":{"line":18,"column":34}},"11":{"start":{"line":21,"column":2},"end":{"line":21,"column":26}},"12":{"start":{"line":24,"column":0},"end":{"line":24,"column":44}},"13":{"start":{"line":27,"column":0},"end":{"line":27,"column":30}},"14":{"start":{"line":29,"column":17},"end":{"line":29,"column":24}},"15":{"start":{"line":30,"column":11},"end":{"line":30,"column":39}},"16":{"start":{"line":32,"column":17},"end":{"line":32,"column":19}},"17":{"start":{"line":33,"column":0},"end":{"line":40,"column":1}},"18":{"start":{"line":33,"column":13},"end":{"line":33,"column":14}},"19":{"start":{"line":34,"column":13},"end":{"line":34,"column":26}},"20":{"start":{"line":35,"column":15},"end":{"line":35,"column":39}},"21":{"start":{"line":37,"column":2},"end":{"line":37,"column":58}},"22":{"start":{"line":39,"column":2},"end":{"line":39,"column":21}},"23":{"start":{"line":41,"column":0},"end":{"line":41,"column":24}},"24":{"start":{"line":43,"column":17},"end":{"line":43,"column":19}},"25":{"start":{"line":44,"column":0},"end":{"line":50,"column":1}},"26":{"start":{"line":44,"column":13},"end":{"line":44,"column":14}},"27":{"start":{"line":45,"column":12},"end":{"line":45,"column":19}},"28":{"start":{"line":46,"column":15},"end":{"line":46,"column":33}},"29":{"start":{"line":47,"column":2},"end":{"line":47,"column":57}},"30":{"start":{"line":49,"column":2},"end":{"line":49,"column":20}}},"fnMap":{"0":{"name":"caesarCipher","decl":{"start":{"line":1,"column":9},"end":{"line":1,"column":21}},"loc":{"start":{"line":1,"column":37},"end":{"line":22,"column":1}},"line":1}},"branchMap":{"0":{"loc":{"start":{"line":7,"column":4},"end":{"line":16,"column":5}},"type":"if","locations":[{"start":{"line":7,"column":4},"end":{"line":16,"column":5}},{"start":{},"end":{}}],"line":7},"1":{"loc":{"start":{"line":9,"column":6},"end":{"line":15,"column":7}},"type":"if","locations":[{"start":{"line":9,"column":6},"end":{"line":15,"column":7}},{"start":{"line":12,"column":13},"end":{"line":15,"column":7}}],"line":9},"2":{"loc":{"start":{"line":9,"column":10},"end":{"line":9,"column":42}},"type":"binary-expr","locations":[{"start":{"line":9,"column":10},"end":{"line":9,"column":24}},{"start":{"line":9,"column":28},"end":{"line":9,"column":42}}],"line":9},"3":{"loc":{"start":{"line":12,"column":13},"end":{"line":15,"column":7}},"type":"if","locations":[{"start":{"line":12,"column":13},"end":{"line":15,"column":7}},{"start":{},"end":{}}],"line":12},"4":{"loc":{"start":{"line":12,"column":17},"end":{"line":12,"column":50}},"type":"binary-expr","locations":[{"start":{"line":12,"column":17},"end":{"line":12,"column":31}},{"start":{"line":12,"column":35},"end":{"line":12,"column":50}}],"line":12}},"s":{"0":2,"1":2,"2":2,"3":22,"4":22,"5":20,"6":20,"7":4,"8":16,"9":16,"10":22,"11":2,"12":1,"13":1,"14":1,"15":1,"16":1,"17":1,"18":1,"19":5,"20":5,"21":5,"22":5,"23":1,"24":1,"25":1,"26":1,"27":26,"28":26,"29":26,"30":26},"f":{"0":2},"b":{"0":[20,2],"1":[4,16],"2":[20,20],"3":[16,0],"4":[16,16]},"inputSourceMap":null,"_coverageSchema":"1a1c01bbd47fc00a2c39e90264f33305004495a9","hash":"e7fb09275f8f9c708bb795de27d5ca6e0be72cb3"}
,"/Users/user/repos/test-driven-development/calculator.js": {"path":"/Users/user/repos/test-driven-development/calculator.js","statementMap":{"0":{"start":{"line":1,"column":19},"end":{"line":7,"column":4}},"1":{"start":{"line":2,"column":14},"end":{"line":2,"column":29}},"2":{"start":{"line":2,"column":24},"end":{"line":2,"column":29}},"3":{"start":{"line":3,"column":19},"end":{"line":3,"column":34}},"4":{"start":{"line":3,"column":29},"end":{"line":3,"column":34}},"5":{"start":{"line":4,"column":19},"end":{"line":4,"column":34}},"6":{"start":{"line":4,"column":29},"end":{"line":4,"column":34}},"7":{"start":{"line":5,"column":17},"end":{"line":5,"column":32}},"8":{"start":{"line":5,"column":27},"end":{"line":5,"column":32}},"9":{"start":{"line":6,"column":2},"end":{"line":6,"column":45}},"10":{"start":{"line":9,"column":0},"end":{"line":9,"column":34}},"11":{"start":{"line":10,"column":0},"end":{"line":10,"column":39}},"12":{"start":{"line":11,"column":0},"end":{"line":11,"column":39}},"13":{"start":{"line":12,"column":0},"end":{"line":12,"column":37}},"14":{"start":{"line":14,"column":0},"end":{"line":14,"column":28}}},"fnMap":{"0":{"name":"(anonymous_0)","decl":{"start":{"line":1,"column":20},"end":{"line":1,"column":21}},"loc":{"start":{"line":1,"column":32},"end":{"line":7,"column":1}},"line":1},"1":{"name":"(anonymous_1)","decl":{"start":{"line":2,"column":14},"end":{"line":2,"column":15}},"loc":{"start":{"line":2,"column":24},"end":{"line":2,"column":29}},"line":2},"2":{"name":"(anonymous_2)","decl":{"start":{"line":3,"column":19},"end":{"line":3,"column":20}},"loc":{"start":{"line":3,"column":29},"end":{"line":3,"column":34}},"line":3},"3":{"name":"(anonymous_3)","decl":{"start":{"line":4,"column":19},"end":{"line":4,"column":20}},"loc":{"start":{"line":4,"column":29},"end":{"line":4,"column":34}},"line":4},"4":{"name":"(anonymous_4)","decl":{"start":{"line":5,"column":17},"end":{"line":5,"column":18}},"loc":{"start":{"line":5,"column":27},"end":{"line":5,"column":32}},"line":5}},"branchMap":{},"s":{"0":1,"1":1,"2":2,"3":1,"4":2,"5":1,"6":2,"7":1,"8":2,"9":1,"10":1,"11":1,"12":1,"13":1,"14":1},"f":{"0":1,"1":2,"2":2,"3":2,"4":2},"b":{},"inputSourceMap":null,"_coverageSchema":"1a1c01bbd47fc00a2c39e90264f33305004495a9","hash":"a4a6b3ffb2dfee115c66c432dee16dca3d10cf20"}
,"/Users/user/repos/test-driven-development/capitalize.js": {"path":"/Users/user/repos/test-driven-development/capitalize.js","statementMap":{"0":{"start":{"line":2,"column":2},"end":{"line":2,"column":30}},"1":{"start":{"line":7,"column":0},"end":{"line":7,"column":28}}},"fnMap":{"0":{"name":"capitalize","decl":{"start":{"line":1,"column":9},"end":{"line":1,"column":19}},"loc":{"start":{"line":1,"column":28},"end":{"line":3,"column":1}},"line":1}},"branchMap":{},"s":{"0":1,"1":1},"f":{"0":1},"b":{},"inputSourceMap":null,"_coverageSchema":"1a1c01bbd47fc00a2c39e90264f33305004495a9","hash":"a9b143610299bcaf893a65ef9dec9ea1bc739a7c"}
,"/Users/user/repos/test-driven-development/reverse_string.js": {"path":"/Users/user/repos/test-driven-development/reverse_string.js","statementMap":{"0":{"start":{"line":2,"column":2},"end":{"line":2,"column":45}},"1":{"start":{"line":5,"column":0},"end":{"line":5,"column":37}},"2":{"start":{"line":7,"column":0},"end":{"line":7,"column":31}}},"fnMap":{"0":{"name":"reverseString","decl":{"start":{"line":1,"column":9},"end":{"line":1,"column":22}},"loc":{"start":{"line":1,"column":31},"end":{"line":3,"column":1}},"line":1}},"branchMap":{},"s":{"0":2,"1":1,"2":1},"f":{"0":2},"b":{},"inputSourceMap":null,"_coverageSchema":"1a1c01bbd47fc00a2c39e90264f33305004495a9","hash":"03ca050b9a241f6d2231ef2cf83df56a56b31634"}
}
