TN:
SF:analyze_array.js
FN:1,analyzeArray
FN:3,(anonymous_1)
FN:6,(anonymous_2)
FN:12,(anonymous_3)
FN:14,(anonymous_4)
FN:20,(anonymous_5)
FN:22,(anonymous_6)
FN:28,(anonymous_7)
FNF:8
FNH:8
FNDA:2,analyzeArray
FNDA:2,(anonymous_1)
FNDA:12,(anonymous_2)
FNDA:2,(anonymous_3)
FNDA:12,(anonymous_4)
FNDA:2,(anonymous_5)
FNDA:12,(anonymous_6)
FNDA:2,(anonymous_7)
DA:2,2
DA:4,2
DA:5,2
DA:6,2
DA:7,12
DA:9,2
DA:13,2
DA:14,2
DA:15,12
DA:17,2
DA:21,2
DA:22,2
DA:23,12
DA:25,2
DA:29,2
DA:33,2
DA:41,1
DA:44,1
LF:18
LH:18
BRDA:15,0,0,0
BRDA:15,0,1,12
BRDA:23,1,0,2
BRDA:23,1,1,10
BRF:4
BRH:3
end_of_record
TN:
SF:caesar_cipher.js
FN:1,caesarCipher
FNF:1
FNH:1
FNDA:2,caesarCipher
DA:2,2
DA:4,2
DA:5,22
DA:7,22
DA:8,20
DA:9,20
DA:11,4
DA:12,16
DA:14,16
DA:18,22
DA:21,2
DA:24,1
DA:27,1
DA:29,1
DA:30,1
DA:32,1
DA:33,1
DA:34,5
DA:35,5
DA:37,5
DA:39,5
DA:41,1
DA:43,1
DA:44,1
DA:45,26
DA:46,26
DA:47,26
DA:49,26
LF:28
LH:28
BRDA:7,0,0,20
BRDA:7,0,1,2
BRDA:9,1,0,4
BRDA:9,1,1,16
BRDA:9,2,0,20
BRDA:9,2,1,20
BRDA:12,3,0,16
BRDA:12,3,1,0
BRDA:12,4,0,16
BRDA:12,4,1,16
BRF:10
BRH:9
end_of_record
TN:
SF:calculator.js
FN:1,(anonymous_0)
FN:2,(anonymous_1)
FN:3,(anonymous_2)
FN:4,(anonymous_3)
FN:5,(anonymous_4)
FNF:5
FNH:5
FNDA:1,(anonymous_0)
FNDA:2,(anonymous_1)
FNDA:2,(anonymous_2)
FNDA:2,(anonymous_3)
FNDA:2,(anonymous_4)
DA:1,1
DA:2,2
DA:3,2
DA:4,2
DA:5,2
DA:6,1
DA:9,1
DA:10,1
DA:11,1
DA:12,1
DA:14,1
LF:11
LH:11
BRF:0
BRH:0
end_of_record
TN:
SF:capitalize.js
FN:1,capitalize
FNF:1
FNH:1
FNDA:1,capitalize
DA:2,1
DA:7,1
LF:2
LH:2
BRF:0
BRH:0
end_of_record
TN:
SF:reverse_string.js
FN:1,reverseString
FNF:1
FNH:1
FNDA:2,reverseString
DA:2,2
DA:5,1
DA:7,1
LF:3
LH:3
BRF:0
BRH:0
end_of_record
